CRITICAL - 2023-03-18 01:36:12 --> Undefined array key "nombres"
in APPPATH\Views\paises\paises.php on line 41.
 1 APPPATH\Views\paises\paises.php(41): CodeIgniter\Debug\Exceptions->errorHandler(2, 'Undefined array key "nombres"', 'APPPATH\\Views\\paises\\paises.php', 41)
 2 SYSTEMPATH\View\View.php(213): include('APPPATH\\Views\\paises\\paises.php')
 3 SYSTEMPATH\View\View.php(216): CodeIgniter\View\View->CodeIgniter\View\{closure}()
 4 SYSTEMPATH\Common.php(1184): CodeIgniter\View\View->render('/paises/paises', [], true)
 5 APPPATH\Controllers\Paises.php(20): view('/paises/paises', [...])
 6 SYSTEMPATH\CodeIgniter.php(934): App\Controllers\Paises->index()
 7 SYSTEMPATH\CodeIgniter.php(499): CodeIgniter\CodeIgniter->runController(Object(App\Controllers\Paises))
 8 SYSTEMPATH\CodeIgniter.php(368): CodeIgniter\CodeIgniter->handleRequest(null, Object(Config\Cache), false)
 9 FCPATH\index.php(67): CodeIgniter\CodeIgniter->run()
CRITICAL - 2023-03-18 01:36:14 --> Undefined array key "nombres"
in APPPATH\Views\paises\paises.php on line 41.
 1 APPPATH\Views\paises\paises.php(41): CodeIgniter\Debug\Exceptions->errorHandler(2, 'Undefined array key "nombres"', 'APPPATH\\Views\\paises\\paises.php', 41)
 2 SYSTEMPATH\View\View.php(213): include('APPPATH\\Views\\paises\\paises.php')
 3 SYSTEMPATH\View\View.php(216): CodeIgniter\View\View->CodeIgniter\View\{closure}()
 4 SYSTEMPATH\Common.php(1184): CodeIgniter\View\View->render('/paises/paises', [], true)
 5 APPPATH\Controllers\Paises.php(20): view('/paises/paises', [...])
 6 SYSTEMPATH\CodeIgniter.php(934): App\Controllers\Paises->index()
 7 SYSTEMPATH\CodeIgniter.php(499): CodeIgniter\CodeIgniter->runController(Object(App\Controllers\Paises))
 8 SYSTEMPATH\CodeIgniter.php(368): CodeIgniter\CodeIgniter->handleRequest(null, Object(Config\Cache), false)
 9 FCPATH\index.php(67): CodeIgniter\CodeIgniter->run()
CRITICAL - 2023-03-18 01:36:15 --> Undefined array key "nombres"
in APPPATH\Views\departamentos\departamentos.php on line 70.
 1 APPPATH\Views\departamentos\departamentos.php(70): CodeIgniter\Debug\Exceptions->errorHandler(2, 'Undefined array key "nombres"', 'APPPATH\\Views\\departamentos\\departamentos.php', 70)
 2 SYSTEMPATH\View\View.php(213): include('APPPATH\\Views\\departamentos\\departamentos.php')
 3 SYSTEMPATH\View\View.php(216): CodeIgniter\View\View->CodeIgniter\View\{closure}()
 4 SYSTEMPATH\Common.php(1184): CodeIgniter\View\View->render('/departamentos/departamentos', [], true)
 5 APPPATH\Controllers\Departamentos.php(25): view('/departamentos/departamentos', [...])
 6 SYSTEMPATH\CodeIgniter.php(934): App\Controllers\Departamentos->index()
 7 SYSTEMPATH\CodeIgniter.php(499): CodeIgniter\CodeIgniter->runController(Object(App\Controllers\Departamentos))
 8 SYSTEMPATH\CodeIgniter.php(368): CodeIgniter\CodeIgniter->handleRequest(null, Object(Config\Cache), false)
 9 FCPATH\index.php(67): CodeIgniter\CodeIgniter->run()
CRITICAL - 2023-03-18 01:36:16 --> Undefined array key "id_dpto"
in APPPATH\Views\municipios\municipios.php on line 36.
 1 APPPATH\Views\municipios\municipios.php(36): CodeIgniter\Debug\Exceptions->errorHandler(2, 'Undefined array key "id_dpto"', 'APPPATH\\Views\\municipios\\municipios.php', 36)
 2 SYSTEMPATH\View\View.php(213): include('APPPATH\\Views\\municipios\\municipios.php')
 3 SYSTEMPATH\View\View.php(216): CodeIgniter\View\View->CodeIgniter\View\{closure}()
 4 SYSTEMPATH\Common.php(1184): CodeIgniter\View\View->render('/municipios/municipios', [], true)
 5 APPPATH\Controllers\Municipios.php(24): view('/municipios/municipios', [...])
 6 SYSTEMPATH\CodeIgniter.php(934): App\Controllers\Municipios->index()
 7 SYSTEMPATH\CodeIgniter.php(499): CodeIgniter\CodeIgniter->runController(Object(App\Controllers\Municipios))
 8 SYSTEMPATH\CodeIgniter.php(368): CodeIgniter\CodeIgniter->handleRequest(null, Object(Config\Cache), false)
 9 FCPATH\index.php(67): CodeIgniter\CodeIgniter->run()
CRITICAL - 2023-03-18 01:36:17 --> Undefined array key "nombres"
in APPPATH\Views\departamentos\departamentos.php on line 70.
 1 APPPATH\Views\departamentos\departamentos.php(70): CodeIgniter\Debug\Exceptions->errorHandler(2, 'Undefined array key "nombres"', 'APPPATH\\Views\\departamentos\\departamentos.php', 70)
 2 SYSTEMPATH\View\View.php(213): include('APPPATH\\Views\\departamentos\\departamentos.php')
 3 SYSTEMPATH\View\View.php(216): CodeIgniter\View\View->CodeIgniter\View\{closure}()
 4 SYSTEMPATH\Common.php(1184): CodeIgniter\View\View->render('/departamentos/departamentos', [], true)
 5 APPPATH\Controllers\Departamentos.php(25): view('/departamentos/departamentos', [...])
 6 SYSTEMPATH\CodeIgniter.php(934): App\Controllers\Departamentos->index()
 7 SYSTEMPATH\CodeIgniter.php(499): CodeIgniter\CodeIgniter->runController(Object(App\Controllers\Departamentos))
 8 SYSTEMPATH\CodeIgniter.php(368): CodeIgniter\CodeIgniter->handleRequest(null, Object(Config\Cache), false)
 9 FCPATH\index.php(67): CodeIgniter\CodeIgniter->run()
CRITICAL - 2023-03-18 01:36:18 --> Undefined array key "nombres"
in APPPATH\Views\departamentos\departamentos.php on line 70.
 1 APPPATH\Views\departamentos\departamentos.php(70): CodeIgniter\Debug\Exceptions->errorHandler(2, 'Undefined array key "nombres"', 'APPPATH\\Views\\departamentos\\departamentos.php', 70)
 2 SYSTEMPATH\View\View.php(213): include('APPPATH\\Views\\departamentos\\departamentos.php')
 3 SYSTEMPATH\View\View.php(216): CodeIgniter\View\View->CodeIgniter\View\{closure}()
 4 SYSTEMPATH\Common.php(1184): CodeIgniter\View\View->render('/departamentos/departamentos', [], true)
 5 APPPATH\Controllers\Departamentos.php(25): view('/departamentos/departamentos', [...])
 6 SYSTEMPATH\CodeIgniter.php(934): App\Controllers\Departamentos->index()
 7 SYSTEMPATH\CodeIgniter.php(499): CodeIgniter\CodeIgniter->runController(Object(App\Controllers\Departamentos))
 8 SYSTEMPATH\CodeIgniter.php(368): CodeIgniter\CodeIgniter->handleRequest(null, Object(Config\Cache), false)
 9 FCPATH\index.php(67): CodeIgniter\CodeIgniter->run()
CRITICAL - 2023-03-18 01:42:51 --> Undefined array key "nombres"
in APPPATH\Views\paises\paises.php on line 41.
 1 APPPATH\Views\paises\paises.php(41): CodeIgniter\Debug\Exceptions->errorHandler(2, 'Undefined array key "nombres"', 'APPPATH\\Views\\paises\\paises.php', 41)
 2 SYSTEMPATH\View\View.php(213): include('APPPATH\\Views\\paises\\paises.php')
 3 SYSTEMPATH\View\View.php(216): CodeIgniter\View\View->CodeIgniter\View\{closure}()
 4 SYSTEMPATH\Common.php(1184): CodeIgniter\View\View->render('/paises/paises', [], true)
 5 APPPATH\Controllers\Paises.php(20): view('/paises/paises', [...])
 6 SYSTEMPATH\CodeIgniter.php(934): App\Controllers\Paises->index()
 7 SYSTEMPATH\CodeIgniter.php(499): CodeIgniter\CodeIgniter->runController(Object(App\Controllers\Paises))
 8 SYSTEMPATH\CodeIgniter.php(368): CodeIgniter\CodeIgniter->handleRequest(null, Object(Config\Cache), false)
 9 FCPATH\index.php(67): CodeIgniter\CodeIgniter->run()
CRITICAL - 2023-03-18 01:50:18 --> syntax error, unexpected token "public", expecting end of file
in APPPATH\Controllers\Paises.php on line 6.
 1 SYSTEMPATH\Router\Router.php(507): CodeIgniter\Router\AutoRouter->getRoute('paises')
 2 SYSTEMPATH\Router\Router.php(206): CodeIgniter\Router\Router->autoRoute('paises')
 3 SYSTEMPATH\CodeIgniter.php(815): CodeIgniter\Router\Router->handle('paises')
 4 SYSTEMPATH\CodeIgniter.php(449): CodeIgniter\CodeIgniter->tryToRouteIt(Object(CodeIgniter\Router\RouteCollection))
 5 SYSTEMPATH\CodeIgniter.php(368): CodeIgniter\CodeIgniter->handleRequest(null, Object(Config\Cache), false)
 6 FCPATH\index.php(67): CodeIgniter\CodeIgniter->run()
CRITICAL - 2023-03-18 01:50:19 --> syntax error, unexpected token "public", expecting end of file
in APPPATH\Controllers\Paises.php on line 6.
 1 SYSTEMPATH\Router\Router.php(507): CodeIgniter\Router\AutoRouter->getRoute('paises')
 2 SYSTEMPATH\Router\Router.php(206): CodeIgniter\Router\Router->autoRoute('paises')
 3 SYSTEMPATH\CodeIgniter.php(815): CodeIgniter\Router\Router->handle('paises')
 4 SYSTEMPATH\CodeIgniter.php(449): CodeIgniter\CodeIgniter->tryToRouteIt(Object(CodeIgniter\Router\RouteCollection))
 5 SYSTEMPATH\CodeIgniter.php(368): CodeIgniter\CodeIgniter->handleRequest(null, Object(Config\Cache), false)
 6 FCPATH\index.php(67): CodeIgniter\CodeIgniter->run()
CRITICAL - 2023-03-18 01:50:46 --> syntax error, unexpected token "public", expecting end of file
in APPPATH\Controllers\Paises.php on line 6.
 1 SYSTEMPATH\Router\Router.php(507): CodeIgniter\Router\AutoRouter->getRoute('paises')
 2 SYSTEMPATH\Router\Router.php(206): CodeIgniter\Router\Router->autoRoute('paises')
 3 SYSTEMPATH\CodeIgniter.php(815): CodeIgniter\Router\Router->handle('paises')
 4 SYSTEMPATH\CodeIgniter.php(449): CodeIgniter\CodeIgniter->tryToRouteIt(Object(CodeIgniter\Router\RouteCollection))
 5 SYSTEMPATH\CodeIgniter.php(368): CodeIgniter\CodeIgniter->handleRequest(null, Object(Config\Cache), false)
 6 FCPATH\index.php(67): CodeIgniter\CodeIgniter->run()
CRITICAL - 2023-03-18 01:50:47 --> syntax error, unexpected token "public", expecting end of file
in APPPATH\Controllers\Paises.php on line 6.
 1 SYSTEMPATH\Router\Router.php(507): CodeIgniter\Router\AutoRouter->getRoute('paises')
 2 SYSTEMPATH\Router\Router.php(206): CodeIgniter\Router\Router->autoRoute('paises')
 3 SYSTEMPATH\CodeIgniter.php(815): CodeIgniter\Router\Router->handle('paises')
 4 SYSTEMPATH\CodeIgniter.php(449): CodeIgniter\CodeIgniter->tryToRouteIt(Object(CodeIgniter\Router\RouteCollection))
 5 SYSTEMPATH\CodeIgniter.php(368): CodeIgniter\CodeIgniter->handleRequest(null, Object(Config\Cache), false)
 6 FCPATH\index.php(67): CodeIgniter\CodeIgniter->run()
CRITICAL - 2023-03-18 01:51:48 --> syntax error, unexpected token "public", expecting end of file
in APPPATH\Controllers\Paises.php on line 6.
 1 SYSTEMPATH\Router\Router.php(507): CodeIgniter\Router\AutoRouter->getRoute('paises')
 2 SYSTEMPATH\Router\Router.php(206): CodeIgniter\Router\Router->autoRoute('paises')
 3 SYSTEMPATH\CodeIgniter.php(815): CodeIgniter\Router\Router->handle('paises')
 4 SYSTEMPATH\CodeIgniter.php(449): CodeIgniter\CodeIgniter->tryToRouteIt(Object(CodeIgniter\Router\RouteCollection))
 5 SYSTEMPATH\CodeIgniter.php(368): CodeIgniter\CodeIgniter->handleRequest(null, Object(Config\Cache), false)
 6 FCPATH\index.php(67): CodeIgniter\CodeIgniter->run()
CRITICAL - 2023-03-18 22:59:24 --> Call to undefined method App\Models\CargosModel::traer_Pais
in SYSTEMPATH\Model.php on line 842.
 1 APPPATH\Controllers\Cargos.php(50): CodeIgniter\Model->__call('traer_Pais', [...])
 2 SYSTEMPATH\CodeIgniter.php(934): App\Controllers\Cargos->buscar_cargo('1')
 3 SYSTEMPATH\CodeIgniter.php(499): CodeIgniter\CodeIgniter->runController(Object(App\Controllers\Cargos))
 4 SYSTEMPATH\CodeIgniter.php(368): CodeIgniter\CodeIgniter->handleRequest(null, Object(Config\Cache), false)
 5 FCPATH\index.php(67): CodeIgniter\CodeIgniter->run()
CRITICAL - 2023-03-18 22:59:25 --> Call to undefined method App\Models\CargosModel::traer_Pais
in SYSTEMPATH\Model.php on line 842.
 1 APPPATH\Controllers\Cargos.php(50): CodeIgniter\Model->__call('traer_Pais', [...])
 2 SYSTEMPATH\CodeIgniter.php(934): App\Controllers\Cargos->buscar_cargo('1')
 3 SYSTEMPATH\CodeIgniter.php(499): CodeIgniter\CodeIgniter->runController(Object(App\Controllers\Cargos))
 4 SYSTEMPATH\CodeIgniter.php(368): CodeIgniter\CodeIgniter->handleRequest(null, Object(Config\Cache), false)
 5 FCPATH\index.php(67): CodeIgniter\CodeIgniter->run()
CRITICAL - 2023-03-18 22:59:25 --> Call to undefined method App\Models\CargosModel::traer_Pais
in SYSTEMPATH\Model.php on line 842.
 1 APPPATH\Controllers\Cargos.php(50): CodeIgniter\Model->__call('traer_Pais', [...])
 2 SYSTEMPATH\CodeIgniter.php(934): App\Controllers\Cargos->buscar_cargo('1')
 3 SYSTEMPATH\CodeIgniter.php(499): CodeIgniter\CodeIgniter->runController(Object(App\Controllers\Cargos))
 4 SYSTEMPATH\CodeIgniter.php(368): CodeIgniter\CodeIgniter->handleRequest(null, Object(Config\Cache), false)
 5 FCPATH\index.php(67): CodeIgniter\CodeIgniter->run()
CRITICAL - 2023-03-18 22:59:25 --> Call to undefined method App\Models\CargosModel::traer_Pais
in SYSTEMPATH\Model.php on line 842.
 1 APPPATH\Controllers\Cargos.php(50): CodeIgniter\Model->__call('traer_Pais', [...])
 2 SYSTEMPATH\CodeIgniter.php(934): App\Controllers\Cargos->buscar_cargo('1')
 3 SYSTEMPATH\CodeIgniter.php(499): CodeIgniter\CodeIgniter->runController(Object(App\Controllers\Cargos))
 4 SYSTEMPATH\CodeIgniter.php(368): CodeIgniter\CodeIgniter->handleRequest(null, Object(Config\Cache), false)
 5 FCPATH\index.php(67): CodeIgniter\CodeIgniter->run()
CRITICAL - 2023-03-18 22:59:26 --> Call to undefined method App\Models\CargosModel::traer_Pais
in SYSTEMPATH\Model.php on line 842.
 1 APPPATH\Controllers\Cargos.php(50): CodeIgniter\Model->__call('traer_Pais', [...])
 2 SYSTEMPATH\CodeIgniter.php(934): App\Controllers\Cargos->buscar_cargo('1')
 3 SYSTEMPATH\CodeIgniter.php(499): CodeIgniter\CodeIgniter->runController(Object(App\Controllers\Cargos))
 4 SYSTEMPATH\CodeIgniter.php(368): CodeIgniter\CodeIgniter->handleRequest(null, Object(Config\Cache), false)
 5 FCPATH\index.php(67): CodeIgniter\CodeIgniter->run()
CRITICAL - 2023-03-18 23:01:18 --> Call to undefined method App\Models\CargosModel::traer_Pais
in SYSTEMPATH\Model.php on line 842.
 1 APPPATH\Controllers\Cargos.php(50): CodeIgniter\Model->__call('traer_Pais', [...])
 2 SYSTEMPATH\CodeIgniter.php(934): App\Controllers\Cargos->buscar_cargo('1')
 3 SYSTEMPATH\CodeIgniter.php(499): CodeIgniter\CodeIgniter->runController(Object(App\Controllers\Cargos))
 4 SYSTEMPATH\CodeIgniter.php(368): CodeIgniter\CodeIgniter->handleRequest(null, Object(Config\Cache), false)
 5 FCPATH\index.php(67): CodeIgniter\CodeIgniter->run()
CRITICAL - 2023-03-18 23:01:23 --> Call to undefined method App\Models\CargosModel::traer_Pais
in SYSTEMPATH\Model.php on line 842.
 1 APPPATH\Controllers\Cargos.php(50): CodeIgniter\Model->__call('traer_Pais', [...])
 2 SYSTEMPATH\CodeIgniter.php(934): App\Controllers\Cargos->buscar_cargo('1')
 3 SYSTEMPATH\CodeIgniter.php(499): CodeIgniter\CodeIgniter->runController(Object(App\Controllers\Cargos))
 4 SYSTEMPATH\CodeIgniter.php(368): CodeIgniter\CodeIgniter->handleRequest(null, Object(Config\Cache), false)
 5 FCPATH\index.php(67): CodeIgniter\CodeIgniter->run()
CRITICAL - 2023-03-18 23:01:27 --> Call to undefined method App\Models\CargosModel::traer_Pais
in SYSTEMPATH\Model.php on line 842.
 1 APPPATH\Controllers\Cargos.php(50): CodeIgniter\Model->__call('traer_Pais', [...])
 2 SYSTEMPATH\CodeIgniter.php(934): App\Controllers\Cargos->buscar_cargo('1')
 3 SYSTEMPATH\CodeIgniter.php(499): CodeIgniter\CodeIgniter->runController(Object(App\Controllers\Cargos))
 4 SYSTEMPATH\CodeIgniter.php(368): CodeIgniter\CodeIgniter->handleRequest(null, Object(Config\Cache), false)
 5 FCPATH\index.php(67): CodeIgniter\CodeIgniter->run()
CRITICAL - 2023-03-18 23:01:34 --> Call to undefined method App\Models\CargosModel::traer_Pais
in SYSTEMPATH\Model.php on line 842.
 1 APPPATH\Controllers\Cargos.php(50): CodeIgniter\Model->__call('traer_Pais', [...])
 2 SYSTEMPATH\CodeIgniter.php(934): App\Controllers\Cargos->buscar_cargo('1')
 3 SYSTEMPATH\CodeIgniter.php(499): CodeIgniter\CodeIgniter->runController(Object(App\Controllers\Cargos))
 4 SYSTEMPATH\CodeIgniter.php(368): CodeIgniter\CodeIgniter->handleRequest(null, Object(Config\Cache), false)
 5 FCPATH\index.php(67): CodeIgniter\CodeIgniter->run()
CRITICAL - 2023-03-18 23:02:59 --> Call to undefined method App\Models\CargosModel::traer_Pais
in SYSTEMPATH\Model.php on line 842.
 1 APPPATH\Controllers\Cargos.php(50): CodeIgniter\Model->__call('traer_Pais', [...])
 2 SYSTEMPATH\CodeIgniter.php(934): App\Controllers\Cargos->buscar_cargo('1')
 3 SYSTEMPATH\CodeIgniter.php(499): CodeIgniter\CodeIgniter->runController(Object(App\Controllers\Cargos))
 4 SYSTEMPATH\CodeIgniter.php(368): CodeIgniter\CodeIgniter->handleRequest(null, Object(Config\Cache), false)
 5 FCPATH\index.php(67): CodeIgniter\CodeIgniter->run()
CRITICAL - 2023-03-18 23:03:05 --> Call to undefined method App\Models\CargosModel::traer_Pais
in SYSTEMPATH\Model.php on line 842.
 1 APPPATH\Controllers\Cargos.php(50): CodeIgniter\Model->__call('traer_Pais', [...])
 2 SYSTEMPATH\CodeIgniter.php(934): App\Controllers\Cargos->buscar_cargo('1')
 3 SYSTEMPATH\CodeIgniter.php(499): CodeIgniter\CodeIgniter->runController(Object(App\Controllers\Cargos))
 4 SYSTEMPATH\CodeIgniter.php(368): CodeIgniter\CodeIgniter->handleRequest(null, Object(Config\Cache), false)
 5 FCPATH\index.php(67): CodeIgniter\CodeIgniter->run()
CRITICAL - 2023-03-18 23:03:09 --> Call to undefined method App\Models\CargosModel::traer_Pais
in SYSTEMPATH\Model.php on line 842.
 1 APPPATH\Controllers\Cargos.php(50): CodeIgniter\Model->__call('traer_Pais', [...])
 2 SYSTEMPATH\CodeIgniter.php(934): App\Controllers\Cargos->buscar_cargo('1')
 3 SYSTEMPATH\CodeIgniter.php(499): CodeIgniter\CodeIgniter->runController(Object(App\Controllers\Cargos))
 4 SYSTEMPATH\CodeIgniter.php(368): CodeIgniter\CodeIgniter->handleRequest(null, Object(Config\Cache), false)
 5 FCPATH\index.php(67): CodeIgniter\CodeIgniter->run()
