CRITICAL - 2023-04-10 15:09:27 --> syntax error, unexpected token "{", expecting "("
in APPPATH\Controllers\Usuarios.php on line 61.
 1 SYSTEMPATH\Autoloader\Autoloader.php(289): CodeIgniter\Autoloader\Autoloader->includeFile('APPPATH\\Controllers\\Usuarios.php')
 2 SYSTEMPATH\Autoloader\Autoloader.php(267): CodeIgniter\Autoloader\Autoloader->loadInNamespace('App\\Controllers\\Usuarios')
 3 [internal function]: CodeIgniter\Autoloader\Autoloader->loadClass('App\\Controllers\\Usuarios')
 4 SYSTEMPATH\CodeIgniter.php(892): class_exists('\\App\\Controllers\\Usuarios', true)
 5 SYSTEMPATH\CodeIgniter.php(486): CodeIgniter\CodeIgniter->startController()
 6 SYSTEMPATH\CodeIgniter.php(368): CodeIgniter\CodeIgniter->handleRequest(null, Object(Config\Cache), false)
 7 FCPATH\index.php(67): CodeIgniter\CodeIgniter->run()
CRITICAL - 2023-04-10 15:13:45 --> syntax error, unexpected double-quote mark, expecting "," or ";"
in APPPATH\Views\usuarios\login.php on line 38.
 1 SYSTEMPATH\View\View.php(216): CodeIgniter\View\View->CodeIgniter\View\{closure}()
 2 SYSTEMPATH\Common.php(1184): CodeIgniter\View\View->render('usuarios/login', [], true)
 3 APPPATH\Controllers\Usuarios.php(14): view('usuarios/login', [...])
 4 SYSTEMPATH\CodeIgniter.php(934): App\Controllers\Usuarios->index()
 5 SYSTEMPATH\CodeIgniter.php(499): CodeIgniter\CodeIgniter->runController(Object(App\Controllers\Usuarios))
 6 SYSTEMPATH\CodeIgniter.php(368): CodeIgniter\CodeIgniter->handleRequest(null, Object(Config\Cache), false)
 7 FCPATH\index.php(67): CodeIgniter\CodeIgniter->run()
CRITICAL - 2023-04-10 16:51:13 --> Undefined variable $Logue
in APPPATH\Controllers\Usuarios.php on line 32.
 1 APPPATH\Controllers\Usuarios.php(32): CodeIgniter\Debug\Exceptions->errorHandler(2, 'Undefined variable $Logue', 'APPPATH\\Controllers\\Usuarios.php', 32)
 2 SYSTEMPATH\CodeIgniter.php(934): App\Controllers\Usuarios->login()
 3 SYSTEMPATH\CodeIgniter.php(499): CodeIgniter\CodeIgniter->runController(Object(App\Controllers\Usuarios))
 4 SYSTEMPATH\CodeIgniter.php(368): CodeIgniter\CodeIgniter->handleRequest(null, Object(Config\Cache), false)
 5 FCPATH\index.php(67): CodeIgniter\CodeIgniter->run()
CRITICAL - 2023-04-10 16:51:53 --> syntax error, unexpected token "="
in APPPATH\Controllers\Usuarios.php on line 14.
 1 SYSTEMPATH\Autoloader\Autoloader.php(289): CodeIgniter\Autoloader\Autoloader->includeFile('APPPATH\\Controllers\\Usuarios.php')
 2 SYSTEMPATH\Autoloader\Autoloader.php(267): CodeIgniter\Autoloader\Autoloader->loadInNamespace('App\\Controllers\\Usuarios')
 3 [internal function]: CodeIgniter\Autoloader\Autoloader->loadClass('App\\Controllers\\Usuarios')
 4 SYSTEMPATH\CodeIgniter.php(892): class_exists('\\App\\Controllers\\Usuarios', true)
 5 SYSTEMPATH\CodeIgniter.php(486): CodeIgniter\CodeIgniter->startController()
 6 SYSTEMPATH\CodeIgniter.php(368): CodeIgniter\CodeIgniter->handleRequest(null, Object(Config\Cache), false)
 7 FCPATH\index.php(67): CodeIgniter\CodeIgniter->run()
CRITICAL - 2023-04-10 16:52:08 --> Undefined variable $Logue
in APPPATH\Controllers\Usuarios.php on line 32.
 1 APPPATH\Controllers\Usuarios.php(32): CodeIgniter\Debug\Exceptions->errorHandler(2, 'Undefined variable $Logue', 'APPPATH\\Controllers\\Usuarios.php', 32)
 2 SYSTEMPATH\CodeIgniter.php(934): App\Controllers\Usuarios->login()
 3 SYSTEMPATH\CodeIgniter.php(499): CodeIgniter\CodeIgniter->runController(Object(App\Controllers\Usuarios))
 4 SYSTEMPATH\CodeIgniter.php(368): CodeIgniter\CodeIgniter->handleRequest(null, Object(Config\Cache), false)
 5 FCPATH\index.php(67): CodeIgniter\CodeIgniter->run()
CRITICAL - 2023-04-10 16:53:07 --> Undefined constant "App\Controllers\this"
in APPPATH\Controllers\Usuarios.php on line 32.
 1 SYSTEMPATH\CodeIgniter.php(934): App\Controllers\Usuarios->login()
 2 SYSTEMPATH\CodeIgniter.php(499): CodeIgniter\CodeIgniter->runController(Object(App\Controllers\Usuarios))
 3 SYSTEMPATH\CodeIgniter.php(368): CodeIgniter\CodeIgniter->handleRequest(null, Object(Config\Cache), false)
 4 FCPATH\index.php(67): CodeIgniter\CodeIgniter->run()
CRITICAL - 2023-04-10 16:53:21 --> Undefined variable $logue
in APPPATH\Controllers\Usuarios.php on line 32.
 1 APPPATH\Controllers\Usuarios.php(32): CodeIgniter\Debug\Exceptions->errorHandler(2, 'Undefined variable $logue', 'APPPATH\\Controllers\\Usuarios.php', 32)
 2 SYSTEMPATH\CodeIgniter.php(934): App\Controllers\Usuarios->login()
 3 SYSTEMPATH\CodeIgniter.php(499): CodeIgniter\CodeIgniter->runController(Object(App\Controllers\Usuarios))
 4 SYSTEMPATH\CodeIgniter.php(368): CodeIgniter\CodeIgniter->handleRequest(null, Object(Config\Cache), false)
 5 FCPATH\index.php(67): CodeIgniter\CodeIgniter->run()
CRITICAL - 2023-04-10 16:55:16 --> Undefined constant "App\Controllers\this"
in APPPATH\Controllers\Usuarios.php on line 32.
 1 SYSTEMPATH\CodeIgniter.php(934): App\Controllers\Usuarios->login()
 2 SYSTEMPATH\CodeIgniter.php(499): CodeIgniter\CodeIgniter->runController(Object(App\Controllers\Usuarios))
 3 SYSTEMPATH\CodeIgniter.php(368): CodeIgniter\CodeIgniter->handleRequest(null, Object(Config\Cache), false)
 4 FCPATH\index.php(67): CodeIgniter\CodeIgniter->run()
CRITICAL - 2023-04-10 17:41:15 --> syntax error, unexpected token "echo"
in APPPATH\Controllers\Usuarios.php on line 88.
 1 SYSTEMPATH\Router\Router.php(507): CodeIgniter\Router\AutoRouter->getRoute('usuarios/crear_cuenta')
 2 SYSTEMPATH\Router\Router.php(206): CodeIgniter\Router\Router->autoRoute('usuarios/crear_cuenta')
 3 SYSTEMPATH\CodeIgniter.php(815): CodeIgniter\Router\Router->handle('usuarios/crear_cuenta')
 4 SYSTEMPATH\CodeIgniter.php(449): CodeIgniter\CodeIgniter->tryToRouteIt(Object(CodeIgniter\Router\RouteCollection))
 5 SYSTEMPATH\CodeIgniter.php(368): CodeIgniter\CodeIgniter->handleRequest(null, Object(Config\Cache), false)
 6 FCPATH\index.php(67): CodeIgniter\CodeIgniter->run()
CRITICAL - 2023-04-10 17:41:35 --> syntax error, unexpected token "return"
in APPPATH\Controllers\Usuarios.php on line 88.
 1 SYSTEMPATH\Router\Router.php(507): CodeIgniter\Router\AutoRouter->getRoute('usuarios/crear_cuenta')
 2 SYSTEMPATH\Router\Router.php(206): CodeIgniter\Router\Router->autoRoute('usuarios/crear_cuenta')
 3 SYSTEMPATH\CodeIgniter.php(815): CodeIgniter\Router\Router->handle('usuarios/crear_cuenta')
 4 SYSTEMPATH\CodeIgniter.php(449): CodeIgniter\CodeIgniter->tryToRouteIt(Object(CodeIgniter\Router\RouteCollection))
 5 SYSTEMPATH\CodeIgniter.php(368): CodeIgniter\CodeIgniter->handleRequest(null, Object(Config\Cache), false)
 6 FCPATH\index.php(67): CodeIgniter\CodeIgniter->run()
CRITICAL - 2023-04-10 17:57:37 --> Undefined property: App\Controllers\Usuarios::$load
in APPPATH\Controllers\Usuarios.php on line 67.
 1 APPPATH\Controllers\Usuarios.php(67): CodeIgniter\Debug\Exceptions->errorHandler(2, 'Undefined property: App\\Controllers\\Usuarios::$load', 'APPPATH\\Controllers\\Usuarios.php', 67)
 2 SYSTEMPATH\CodeIgniter.php(934): App\Controllers\Usuarios->crear_cuenta()
 3 SYSTEMPATH\CodeIgniter.php(499): CodeIgniter\CodeIgniter->runController(Object(App\Controllers\Usuarios))
 4 SYSTEMPATH\CodeIgniter.php(368): CodeIgniter\CodeIgniter->handleRequest(null, Object(Config\Cache), false)
 5 FCPATH\index.php(67): CodeIgniter\CodeIgniter->run()
CRITICAL - 2023-04-10 17:57:53 --> Invalid file: "crear_cuenta.php"
in SYSTEMPATH\Exceptions\FrameworkException.php on line 33.
 1 SYSTEMPATH\View\View.php(201): CodeIgniter\Exceptions\FrameworkException::forInvalidFile('crear_cuenta.php')
 2 SYSTEMPATH\Common.php(1184): CodeIgniter\View\View->render('crear_cuenta', [], true)
 3 APPPATH\Controllers\Usuarios.php(67): view('crear_cuenta')
 4 SYSTEMPATH\CodeIgniter.php(934): App\Controllers\Usuarios->crear_cuenta()
 5 SYSTEMPATH\CodeIgniter.php(499): CodeIgniter\CodeIgniter->runController(Object(App\Controllers\Usuarios))
 6 SYSTEMPATH\CodeIgniter.php(368): CodeIgniter\CodeIgniter->handleRequest(null, Object(Config\Cache), false)
 7 FCPATH\index.php(67): CodeIgniter\CodeIgniter->run()
CRITICAL - 2023-04-10 20:38:51 --> Class "App\Models\LoginModel" not found
in APPPATH\Controllers\Sadmin.php on line 15.
 1 SYSTEMPATH\CodeIgniter.php(906): App\Controllers\Sadmin->__construct()
 2 SYSTEMPATH\CodeIgniter.php(490): CodeIgniter\CodeIgniter->createController()
 3 SYSTEMPATH\CodeIgniter.php(368): CodeIgniter\CodeIgniter->handleRequest(null, Object(Config\Cache), false)
 4 FCPATH\index.php(67): CodeIgniter\CodeIgniter->run()
CRITICAL - 2023-04-10 20:39:55 --> Class "App\Models\LoginModel" not found
in APPPATH\Controllers\Sadmin.php on line 15.
 1 SYSTEMPATH\CodeIgniter.php(906): App\Controllers\Sadmin->__construct()
 2 SYSTEMPATH\CodeIgniter.php(490): CodeIgniter\CodeIgniter->createController()
 3 SYSTEMPATH\CodeIgniter.php(368): CodeIgniter\CodeIgniter->handleRequest(null, Object(Config\Cache), false)
 4 FCPATH\index.php(67): CodeIgniter\CodeIgniter->run()
